build/app/intermediates/manifest_merge_blame_file/debug/manifest-merger-blame-debug-report.txt
1<?xml version="1.0" encoding="utf-8"?>
2<manifest xmlns:android="http://schemas.android.com/apk/res/android"
3    package="com.perficient.accelerate"
4    android:versionCode="1"
5    android:versionName="1.0.0" >
6
7    <uses-sdk
8        android:minSdkVersion="21"
9        android:targetSdkVersion="33" />
10    <!--
11         Flutter needs it to communicate with the running application
12         to allow setting breakpoints, to provide hot reload, etc.
13    -->
14    <uses-permission android:name="android.permission.INTERNET" />
14-->src/main/AndroidManifest.xml:4:5-66
14-->src/main/AndroidManifest.xml:4:22-64
15    <uses-permission android:name="android.permission.CAMERA" />
15-->src/main/AndroidManifest.xml:5:5-64
15-->src/main/AndroidManifest.xml:5:22-62
16    <uses-permission android:name="android.permission.ACCESS_NETWORK_STATE" />
16-->[:firebase_analytics] AndroidManifest.xml:9:5-79
16-->[:firebase_analytics] AndroidManifest.xml:9:22-76
17    <uses-permission android:name="android.permission.WAKE_LOCK" />
17-->[:firebase_analytics] AndroidManifest.xml:11:5-68
17-->[:firebase_analytics] AndroidManifest.xml:11:22-65
18
19    <uses-feature android:name="android.hardware.camera" />
19-->[:flutter_barcode_scanner] AndroidManifest.xml:11:5-60
19-->[:flutter_barcode_scanner] AndroidManifest.xml:11:19-57
20
21    <uses-permission android:name="android.permission.FLASHLIGHT" />
21-->[:flutter_barcode_scanner] AndroidManifest.xml:13:5-69
21-->[:flutter_barcode_scanner] AndroidManifest.xml:13:22-66
22    <uses-permission android:name="com.google.android.gms.permission.AD_ID" />
22-->[com.google.android.gms:play-services-measurement-api:21.5.0] AndroidManifest.xml:25:5-79
22-->[com.google.android.gms:play-services-measurement-api:21.5.0] AndroidManifest.xml:25:22-76
23    <uses-permission android:name="android.permission.ACCESS_ADSERVICES_ATTRIBUTION" />
23-->[com.google.android.gms:play-services-measurement-api:21.5.0] AndroidManifest.xml:26:5-88
23-->[com.google.android.gms:play-services-measurement-api:21.5.0] AndroidManifest.xml:26:22-85
24    <uses-permission android:name="android.permission.ACCESS_ADSERVICES_AD_ID" />
24-->[com.google.android.gms:play-services-measurement-api:21.5.0] AndroidManifest.xml:27:5-82
24-->[com.google.android.gms:play-services-measurement-api:21.5.0] AndroidManifest.xml:27:22-79
25    <uses-permission android:name="com.google.android.finsky.permission.BIND_GET_INSTALL_REFERRER_SERVICE" />
25-->[com.google.android.gms:play-services-measurement:21.5.0] AndroidManifest.xml:26:5-110
25-->[com.google.android.gms:play-services-measurement:21.5.0] AndroidManifest.xml:26:22-107
26
27    <permission
27-->[androidx.core:core:1.9.0] AndroidManifest.xml:22:5-24:47
28        android:name="com.perficient.accelerate.DYNAMIC_RECEIVER_NOT_EXPORTED_PERMISSION"
28-->[androidx.core:core:1.9.0] AndroidManifest.xml:23:9-81
29        android:protectionLevel="signature" />
29-->[androidx.core:core:1.9.0] AndroidManifest.xml:24:9-44
30
31    <uses-permission android:name="com.perficient.accelerate.DYNAMIC_RECEIVER_NOT_EXPORTED_PERMISSION" />
31-->[androidx.core:core:1.9.0] AndroidManifest.xml:26:5-97
31-->[androidx.core:core:1.9.0] AndroidManifest.xml:26:22-94
32
33    <application
33-->src/main/AndroidManifest.xml:7:5-61:19
34        android:appComponentFactory="androidx.core.app.CoreComponentFactory"
34-->[androidx.core:core:1.9.0] AndroidManifest.xml:28:18-86
35        android:debuggable="true"
36        android:icon="@mipmap/ic_launcher"
36-->src/main/AndroidManifest.xml:10:9-43
37        android:label="Accelerate"
37-->src/main/AndroidManifest.xml:8:9-35
38        android:largeHeap="true"
38-->[:flutter_barcode_scanner] AndroidManifest.xml:16:9-33
39        android:requestLegacyExternalStorage="true"
39-->src/main/AndroidManifest.xml:11:9-52
40        android:theme="@style/Theme.AppCompat.NoActionBar" >
40-->[:flutter_barcode_scanner] AndroidManifest.xml:17:9-59
41        <activity
41-->src/main/AndroidManifest.xml:13:9-51:20
42            android:name="com.perficient.accelerate.MainActivity"
42-->src/main/AndroidManifest.xml:14:13-41
43            android:configChanges="orientation|keyboardHidden|keyboard|screenSize|smallestScreenSize|locale|layoutDirection|fontScale|screenLayout|density|uiMode"
43-->src/main/AndroidManifest.xml:18:13-163
44            android:exported="true"
44-->src/main/AndroidManifest.xml:15:13-36
45            android:hardwareAccelerated="true"
45-->src/main/AndroidManifest.xml:19:13-47
46            android:launchMode="singleTop"
46-->src/main/AndroidManifest.xml:16:13-43
47            android:theme="@style/LaunchTheme"
47-->src/main/AndroidManifest.xml:17:13-47
48            android:windowSoftInputMode="adjustResize" >
48-->src/main/AndroidManifest.xml:20:13-55
49
50            <!--
51                 Specifies an Android theme to apply to this Activity as soon as
52                 the Android process has started. This theme is visible to the user
53                 while the Flutter UI initializes. After that, this theme continues
54                 to determine the Window background behind the Flutter UI.
55            -->
56            <meta-data
56-->src/main/AndroidManifest.xml:25:13-28:17
57                android:name="io.flutter.embedding.android.NormalTheme"
57-->src/main/AndroidManifest.xml:26:15-70
58                android:resource="@style/NormalTheme" />
58-->src/main/AndroidManifest.xml:27:15-52
59            <!--
60                 Displays an Android View that continues showing the launch screen
61                 Drawable until Flutter paints its first frame, then this splash
62                 screen fades out. A splash screen is useful to avoid any visual
63                 gap between the end of Android's launch screen and the painting of
64                 Flutter's first frame.
65            -->
66            <meta-data
66-->src/main/AndroidManifest.xml:34:13-37:17
67                android:name="io.flutter.embedding.android.SplashScreenDrawable"
67-->src/main/AndroidManifest.xml:35:15-79
68                android:resource="@drawable/launch_background" />
68-->src/main/AndroidManifest.xml:36:15-61
69
70            <intent-filter>
70-->src/main/AndroidManifest.xml:38:13-41:29
71                <action android:name="android.intent.action.MAIN" />
71-->src/main/AndroidManifest.xml:39:17-68
71-->src/main/AndroidManifest.xml:39:25-66
72
73                <category android:name="android.intent.category.LAUNCHER" />
73-->src/main/AndroidManifest.xml:40:17-76
73-->src/main/AndroidManifest.xml:40:27-74
74            </intent-filter>
75            <!-- Deep linking -->
76            <meta-data
76-->src/main/AndroidManifest.xml:43:13-90
77                android:name="flutter_deeplinking_enabled"
77-->src/main/AndroidManifest.xml:43:24-66
78                android:value="true" />
78-->src/main/AndroidManifest.xml:43:67-87
79
80            <intent-filter android:autoVerify="true" >
80-->src/main/AndroidManifest.xml:44:13-49:29
80-->src/main/AndroidManifest.xml:44:28-53
81                <action android:name="android.intent.action.VIEW" />
81-->src/main/AndroidManifest.xml:45:17-69
81-->src/main/AndroidManifest.xml:45:25-66
82
83                <category android:name="android.intent.category.DEFAULT" />
83-->src/main/AndroidManifest.xml:46:17-76
83-->src/main/AndroidManifest.xml:46:27-73
84                <category android:name="android.intent.category.BROWSABLE" />
84-->src/main/AndroidManifest.xml:47:17-78
84-->src/main/AndroidManifest.xml:47:27-75
85
86                <data
86-->src/main/AndroidManifest.xml:48:17-83
87                    android:host="accelerate.com"
87-->src/main/AndroidManifest.xml:48:51-80
88                    android:scheme="accelerate" />
88-->src/main/AndroidManifest.xml:48:23-50
89            </intent-filter>
90        </activity>
91
92        <!--
93             Don't delete the meta-data below.
94             This is used by the Flutter tool to generate GeneratedPluginRegistrant.java
95        -->
96        <meta-data
96-->src/main/AndroidManifest.xml:55:9-57:33
97            android:name="flutterEmbedding"
97-->src/main/AndroidManifest.xml:56:13-44
98            android:value="2" />
98-->src/main/AndroidManifest.xml:57:13-30
99
100        <service
100-->[:firebase_analytics] AndroidManifest.xml:14:9-18:19
101            android:name="com.google.firebase.components.ComponentDiscoveryService"
101-->[:firebase_analytics] AndroidManifest.xml:14:18-89
102            android:directBootAware="true"
102-->[com.google.firebase:firebase-common:20.4.2] AndroidManifest.xml:32:13-43
103            android:exported="false" >
103-->[com.google.android.gms:play-services-measurement-api:21.5.0] AndroidManifest.xml:36:13-37
104            <meta-data
104-->[:firebase_analytics] AndroidManifest.xml:15:13-17:85
105                android:name="com.google.firebase.components:io.flutter.plugins.firebase.analytics.FlutterFirebaseAppRegistrar"
105-->[:firebase_analytics] AndroidManifest.xml:16:17-128
106                android:value="com.google.firebase.components.ComponentRegistrar" />
106-->[:firebase_analytics] AndroidManifest.xml:17:17-82
107            <meta-data
107-->[:firebase_core] AndroidManifest.xml:11:13-13:85
108                android:name="com.google.firebase.components:io.flutter.plugins.firebase.core.FlutterFirebaseCoreRegistrar"
108-->[:firebase_core] AndroidManifest.xml:12:17-124
109                android:value="com.google.firebase.components.ComponentRegistrar" />
109-->[:firebase_core] AndroidManifest.xml:13:17-82
110            <meta-data
110-->[com.google.android.gms:play-services-measurement-api:21.5.0] AndroidManifest.xml:37:13-39:85
111                android:name="com.google.firebase.components:com.google.firebase.analytics.connector.internal.AnalyticsConnectorRegistrar"
111-->[com.google.android.gms:play-services-measurement-api:21.5.0] AndroidManifest.xml:38:17-139
112                android:value="com.google.firebase.components.ComponentRegistrar" />
112-->[com.google.android.gms:play-services-measurement-api:21.5.0] AndroidManifest.xml:39:17-82
113            <meta-data
113-->[com.google.firebase:firebase-installations:17.2.0] AndroidManifest.xml:15:13-17:85
114                android:name="com.google.firebase.components:com.google.firebase.installations.FirebaseInstallationsKtxRegistrar"
114-->[com.google.firebase:firebase-installations:17.2.0] AndroidManifest.xml:16:17-130
115                android:value="com.google.firebase.components.ComponentRegistrar" />
115-->[com.google.firebase:firebase-installations:17.2.0] AndroidManifest.xml:17:17-82
116            <meta-data
116-->[com.google.firebase:firebase-installations:17.2.0] AndroidManifest.xml:18:13-20:85
117                android:name="com.google.firebase.components:com.google.firebase.installations.FirebaseInstallationsRegistrar"
117-->[com.google.firebase:firebase-installations:17.2.0] AndroidManifest.xml:19:17-127
118                android:value="com.google.firebase.components.ComponentRegistrar" />
118-->[com.google.firebase:firebase-installations:17.2.0] AndroidManifest.xml:20:17-82
119            <meta-data
119-->[com.google.firebase:firebase-common-ktx:20.4.2] AndroidManifest.xml:12:13-14:85
120                android:name="com.google.firebase.components:com.google.firebase.ktx.FirebaseCommonLegacyRegistrar"
120-->[com.google.firebase:firebase-common-ktx:20.4.2] AndroidManifest.xml:13:17-116
121                android:value="com.google.firebase.components.ComponentRegistrar" />
121-->[com.google.firebase:firebase-common-ktx:20.4.2] AndroidManifest.xml:14:17-82
122            <meta-data
122-->[com.google.firebase:firebase-common:20.4.2] AndroidManifest.xml:35:13-37:85
123                android:name="com.google.firebase.components:com.google.firebase.FirebaseCommonKtxRegistrar"
123-->[com.google.firebase:firebase-common:20.4.2] AndroidManifest.xml:36:17-109
124                android:value="com.google.firebase.components.ComponentRegistrar" />
124-->[com.google.firebase:firebase-common:20.4.2] AndroidManifest.xml:37:17-82
125        </service>
126
127        <activity android:name="com.amolg.flutterbarcodescanner.BarcodeCaptureActivity" />
127-->[:flutter_barcode_scanner] AndroidManifest.xml:18:9-91
127-->[:flutter_barcode_scanner] AndroidManifest.xml:18:19-88
128        <activity
128-->[:url_launcher_android] AndroidManifest.xml:10:9-13:74
129            android:name="io.flutter.plugins.urllauncher.WebViewActivity"
129-->[:url_launcher_android] AndroidManifest.xml:11:13-74
130            android:exported="false"
130-->[:url_launcher_android] AndroidManifest.xml:12:13-37
131            android:theme="@android:style/Theme.NoTitleBar.Fullscreen" />
131-->[:url_launcher_android] AndroidManifest.xml:13:13-71
132
133        <property
133-->[com.google.android.gms:play-services-measurement-api:21.5.0] AndroidManifest.xml:30:9-32:61
134            android:name="android.adservices.AD_SERVICES_CONFIG"
134-->[com.google.android.gms:play-services-measurement-api:21.5.0] AndroidManifest.xml:31:13-65
135            android:resource="@xml/ga_ad_services_config" />
135-->[com.google.android.gms:play-services-measurement-api:21.5.0] AndroidManifest.xml:32:13-58
136
137        <receiver
137-->[com.google.android.gms:play-services-measurement:21.5.0] AndroidManifest.xml:29:9-33:20
138            android:name="com.google.android.gms.measurement.AppMeasurementReceiver"
138-->[com.google.android.gms:play-services-measurement:21.5.0] AndroidManifest.xml:30:13-85
139            android:enabled="true"
139-->[com.google.android.gms:play-services-measurement:21.5.0] AndroidManifest.xml:31:13-35
140            android:exported="false" >
140-->[com.google.android.gms:play-services-measurement:21.5.0] AndroidManifest.xml:32:13-37
141        </receiver>
142
143        <service
143-->[com.google.android.gms:play-services-measurement:21.5.0] AndroidManifest.xml:35:9-38:40
144            android:name="com.google.android.gms.measurement.AppMeasurementService"
144-->[com.google.android.gms:play-services-measurement:21.5.0] AndroidManifest.xml:36:13-84
145            android:enabled="true"
145-->[com.google.android.gms:play-services-measurement:21.5.0] AndroidManifest.xml:37:13-35
146            android:exported="false" />
146-->[com.google.android.gms:play-services-measurement:21.5.0] AndroidManifest.xml:38:13-37
147        <service
147-->[com.google.android.gms:play-services-measurement:21.5.0] AndroidManifest.xml:39:9-43:72
148            android:name="com.google.android.gms.measurement.AppMeasurementJobService"
148-->[com.google.android.gms:play-services-measurement:21.5.0] AndroidManifest.xml:40:13-87
149            android:enabled="true"
149-->[com.google.android.gms:play-services-measurement:21.5.0] AndroidManifest.xml:41:13-35
150            android:exported="false"
150-->[com.google.android.gms:play-services-measurement:21.5.0] AndroidManifest.xml:42:13-37
151            android:permission="android.permission.BIND_JOB_SERVICE" />
151-->[com.google.android.gms:play-services-measurement:21.5.0] AndroidManifest.xml:43:13-69
152
153        <uses-library
153-->[androidx.privacysandbox.ads:ads-adservices:1.0.0-beta05] AndroidManifest.xml:23:9-25:40
154            android:name="android.ext.adservices"
154-->[androidx.privacysandbox.ads:ads-adservices:1.0.0-beta05] AndroidManifest.xml:24:13-50
155            android:required="false" />
155-->[androidx.privacysandbox.ads:ads-adservices:1.0.0-beta05] AndroidManifest.xml:25:13-37
156        <uses-library
156-->[androidx.window:window:1.0.0-beta04] AndroidManifest.xml:25:9-27:40
157            android:name="androidx.window.extensions"
157-->[androidx.window:window:1.0.0-beta04] AndroidManifest.xml:26:13-54
158            android:required="false" />
158-->[androidx.window:window:1.0.0-beta04] AndroidManifest.xml:27:13-37
159        <uses-library
159-->[androidx.window:window:1.0.0-beta04] AndroidManifest.xml:28:9-30:40
160            android:name="androidx.window.sidecar"
160-->[androidx.window:window:1.0.0-beta04] AndroidManifest.xml:29:13-51
161            android:required="false" />
161-->[androidx.window:window:1.0.0-beta04] AndroidManifest.xml:30:13-37
162
163        <provider
163-->[com.google.firebase:firebase-common:20.4.2] AndroidManifest.xml:23:9-28:39
164            android:name="com.google.firebase.provider.FirebaseInitProvider"
164-->[com.google.firebase:firebase-common:20.4.2] AndroidManifest.xml:24:13-77
165            android:authorities="com.perficient.accelerate.firebaseinitprovider"
165-->[com.google.firebase:firebase-common:20.4.2] AndroidManifest.xml:25:13-72
166            android:directBootAware="true"
166-->[com.google.firebase:firebase-common:20.4.2] AndroidManifest.xml:26:13-43
167            android:exported="false"
167-->[com.google.firebase:firebase-common:20.4.2] AndroidManifest.xml:27:13-37
168            android:initOrder="100" />
168-->[com.google.firebase:firebase-common:20.4.2] AndroidManifest.xml:28:13-36
169
170        <activity
170-->[com.google.android.gms:play-services-base:17.4.0] AndroidManifest.xml:23:9-26:75
171            android:name="com.google.android.gms.common.api.GoogleApiActivity"
171-->[com.google.android.gms:play-services-base:17.4.0] AndroidManifest.xml:24:13-79
172            android:exported="false"
172-->[com.google.android.gms:play-services-base:17.4.0] AndroidManifest.xml:25:13-37
173            android:theme="@android:style/Theme.Translucent.NoTitleBar" />
173-->[com.google.android.gms:play-services-base:17.4.0] AndroidManifest.xml:26:13-72
174
175        <meta-data
175-->[com.google.android.gms:play-services-basement:18.1.0] AndroidManifest.xml:21:9-23:69
176            android:name="com.google.android.gms.version"
176-->[com.google.android.gms:play-services-basement:18.1.0] AndroidManifest.xml:22:13-58
177            android:value="@integer/google_play_services_version" />
177-->[com.google.android.gms:play-services-basement:18.1.0] AndroidManifest.xml:23:13-66
178    </application>
179
180</manifest>